2026-05-06 13:28:31,783 DEBUG    root            Failed to read GCE cache file: [Errno 2] No such file or directory: '/content/.config/gce'
2026-05-06 13:28:43,807 DEBUG    root            Failed to check metadata server: <urlopen error timed out>
2026-05-06 13:28:43,808 DEBUG    root            On GCE from server: False
2026-05-06 13:28:43,812 DEBUG    root            Loaded Command Group: ['gcloud', 'components']
2026-05-06 13:28:43,817 DEBUG    root            Loaded Command Group: ['gcloud', 'components', 'update']
2026-05-06 13:28:43,820 DEBUG    root            Running [gcloud.components.update] with arguments: [--compile-python: "True", --quiet: "True", COMPONENT-IDS:6: "['core', 'gcloud-deps', 'bq', 'gcloud', 'gcloud-crc32c', 'gsutil']"]
2026-05-06 13:28:43,822 INFO     ___FILE_ONLY___ Beginning update. This process may take several minutes.

2026-05-06 13:28:43,844 DEBUG    root            On GCE from memory cache: False
2026-05-06 13:28:43,847 DEBUG    root            On GCE from memory cache: False
2026-05-06 13:28:43,849 DEBUG    urllib3.connectionpool Starting new HTTPS connection (1): dl.google.com:443
2026-05-06 13:28:43,919 DEBUG    urllib3.connectionpool https://dl.google.com:443 "GET /dl/cloudsdk/channels/rapid/components-2.json HTTP/1.1" 200 25042
2026-05-06 13:28:43,932 INFO     ___FILE_ONLY___ 

2026-05-06 13:28:43,933 INFO     ___FILE_ONLY___ 
Your current Google Cloud CLI version is: 567.0.0

2026-05-06 13:28:43,933 INFO     ___FILE_ONLY___ Installing components from version: 567.0.0

2026-05-06 13:28:43,933 INFO     ___FILE_ONLY___ 

2026-05-06 13:28:43,934 DEBUG    root            Chosen display Format:table[box,title="These components will be removed."](details.display_name:label=Name:align=left,version.version_string:label=Version:align=right,data.size.size(zero="",min=1048576):label=Size:align=right)
2026-05-06 13:28:43,934 DEBUG    root            Chosen display Format:table[box,title="These components will be updated."](details.display_name:label=Name:align=left,version.version_string:label=Version:align=right,data.size.size(zero="",min=1048576):label=Size:align=right)
2026-05-06 13:28:43,934 DEBUG    root            Chosen display Format:table[box,title="These components will be installed."](details.display_name:label=Name:align=left,version.version_string:label=Version:align=right,data.size.size(zero="",min=1048576):label=Size:align=right)
2026-05-06 13:28:43,978 INFO     ___FILE_ONLY___ ┌─────────────────────────────────────────────────────────────────────────────┐
2026-05-06 13:28:43,978 INFO     ___FILE_ONLY___ 

2026-05-06 13:28:43,978 INFO     ___FILE_ONLY___ │                     These components will be installed.                     │
2026-05-06 13:28:43,978 INFO     ___FILE_ONLY___ 

2026-05-06 13:28:43,978 INFO     ___FILE_ONLY___ ├─────────────────────────────────────────────────────┬────────────┬──────────┤
2026-05-06 13:28:43,978 INFO     ___FILE_ONLY___ 

2026-05-06 13:28:43,978 INFO     ___FILE_ONLY___ │                         Name                        │  Version   │   Size   │
2026-05-06 13:28:43,978 INFO     ___FILE_ONLY___ 

2026-05-06 13:28:43,978 INFO     ___FILE_ONLY___ ├─────────────────────────────────────────────────────┼────────────┼──────────┤
2026-05-06 13:28:43,978 INFO     ___FILE_ONLY___ 

2026-05-06 13:28:43,978 INFO     ___FILE_ONLY___ │ 
2026-05-06 13:28:43,978 INFO     ___FILE_ONLY___ BigQuery Command Line Tool                         
2026-05-06 13:28:43,978 INFO     ___FILE_ONLY___  
2026-05-06 13:28:43,978 INFO     ___FILE_ONLY___ │ 
2026-05-06 13:28:43,979 INFO     ___FILE_ONLY___     2.1.31
2026-05-06 13:28:43,979 INFO     ___FILE_ONLY___  
2026-05-06 13:28:43,979 INFO     ___FILE_ONLY___ │ 
2026-05-06 13:28:43,979 INFO     ___FILE_ONLY___  1.8 MiB
2026-05-06 13:28:43,979 INFO     ___FILE_ONLY___  
2026-05-06 13:28:43,979 INFO     ___FILE_ONLY___ │
2026-05-06 13:28:43,979 INFO     ___FILE_ONLY___ 

2026-05-06 13:28:43,979 INFO     ___FILE_ONLY___ │ 
2026-05-06 13:28:43,979 INFO     ___FILE_ONLY___ BigQuery Command Line Tool (Platform Specific)     
2026-05-06 13:28:43,979 INFO     ___FILE_ONLY___  
2026-05-06 13:28:43,979 INFO     ___FILE_ONLY___ │ 
2026-05-06 13:28:43,979 INFO     ___FILE_ONLY___     2.1.31
2026-05-06 13:28:43,979 INFO     ___FILE_ONLY___  
2026-05-06 13:28:43,979 INFO     ___FILE_ONLY___ │ 
2026-05-06 13:28:43,979 INFO     ___FILE_ONLY___  < 1 MiB
2026-05-06 13:28:43,980 INFO     ___FILE_ONLY___  
2026-05-06 13:28:43,980 INFO     ___FILE_ONLY___ │
2026-05-06 13:28:43,980 INFO     ___FILE_ONLY___ 

2026-05-06 13:28:43,980 INFO     ___FILE_ONLY___ │ 
2026-05-06 13:28:43,980 INFO     ___FILE_ONLY___ Bundled Python 3.13 (Platform Specific)            
2026-05-06 13:28:43,980 INFO     ___FILE_ONLY___  
2026-05-06 13:28:43,980 INFO     ___FILE_ONLY___ │ 
2026-05-06 13:28:43,980 INFO     ___FILE_ONLY___    3.13.11
2026-05-06 13:28:43,980 INFO     ___FILE_ONLY___  
2026-05-06 13:28:43,980 INFO     ___FILE_ONLY___ │ 
2026-05-06 13:28:43,980 INFO     ___FILE_ONLY___ 24.0 MiB
2026-05-06 13:28:43,981 INFO     ___FILE_ONLY___  
2026-05-06 13:28:43,981 INFO     ___FILE_ONLY___ │
2026-05-06 13:28:43,981 INFO     ___FILE_ONLY___ 

2026-05-06 13:28:43,981 INFO     ___FILE_ONLY___ │ 
2026-05-06 13:28:43,981 INFO     ___FILE_ONLY___ Cloud Storage Command Line Tool                    
2026-05-06 13:28:43,981 INFO     ___FILE_ONLY___  
2026-05-06 13:28:43,981 INFO     ___FILE_ONLY___ │ 
2026-05-06 13:28:43,981 INFO     ___FILE_ONLY___       5.37
2026-05-06 13:28:43,981 INFO     ___FILE_ONLY___  
2026-05-06 13:28:43,981 INFO     ___FILE_ONLY___ │ 
2026-05-06 13:28:43,981 INFO     ___FILE_ONLY___ 12.4 MiB
2026-05-06 13:28:43,981 INFO     ___FILE_ONLY___  
2026-05-06 13:28:43,981 INFO     ___FILE_ONLY___ │
2026-05-06 13:28:43,982 INFO     ___FILE_ONLY___ 

2026-05-06 13:28:43,982 INFO     ___FILE_ONLY___ │ 
2026-05-06 13:28:43,982 INFO     ___FILE_ONLY___ Cloud Storage Command Line Tool (Platform Specific)
2026-05-06 13:28:43,982 INFO     ___FILE_ONLY___  
2026-05-06 13:28:43,982 INFO     ___FILE_ONLY___ │ 
2026-05-06 13:28:43,982 INFO     ___FILE_ONLY___       5.36
2026-05-06 13:28:43,982 INFO     ___FILE_ONLY___  
2026-05-06 13:28:43,982 INFO     ___FILE_ONLY___ │ 
2026-05-06 13:28:43,983 INFO     ___FILE_ONLY___  < 1 MiB
2026-05-06 13:28:43,983 INFO     ___FILE_ONLY___  
2026-05-06 13:28:43,983 INFO     ___FILE_ONLY___ │
2026-05-06 13:28:43,983 INFO     ___FILE_ONLY___ 

2026-05-06 13:28:43,983 INFO     ___FILE_ONLY___ │ 
2026-05-06 13:28:43,983 INFO     ___FILE_ONLY___ Google Cloud CLI Core Libraries (Platform Specific)
2026-05-06 13:28:43,983 INFO     ___FILE_ONLY___  
2026-05-06 13:28:43,983 INFO     ___FILE_ONLY___ │ 
2026-05-06 13:28:43,983 INFO     ___FILE_ONLY___ 2026.04.24
2026-05-06 13:28:43,983 INFO     ___FILE_ONLY___  
2026-05-06 13:28:43,983 INFO     ___FILE_ONLY___ │ 
2026-05-06 13:28:43,984 INFO     ___FILE_ONLY___  < 1 MiB
2026-05-06 13:28:43,984 INFO     ___FILE_ONLY___  
2026-05-06 13:28:43,984 INFO     ___FILE_ONLY___ │
2026-05-06 13:28:43,984 INFO     ___FILE_ONLY___ 

2026-05-06 13:28:43,984 INFO     ___FILE_ONLY___ │ 
2026-05-06 13:28:43,984 INFO     ___FILE_ONLY___ Google Cloud CRC32C Hash Tool (Platform Specific)  
2026-05-06 13:28:43,984 INFO     ___FILE_ONLY___  
2026-05-06 13:28:43,984 INFO     ___FILE_ONLY___ │ 
2026-05-06 13:28:43,984 INFO     ___FILE_ONLY___      1.0.0
2026-05-06 13:28:43,985 INFO     ___FILE_ONLY___  
2026-05-06 13:28:43,985 INFO     ___FILE_ONLY___ │ 
2026-05-06 13:28:43,985 INFO     ___FILE_ONLY___  1.5 MiB
2026-05-06 13:28:43,985 INFO     ___FILE_ONLY___  
2026-05-06 13:28:43,985 INFO     ___FILE_ONLY___ │
2026-05-06 13:28:43,985 INFO     ___FILE_ONLY___ 

2026-05-06 13:28:43,985 INFO     ___FILE_ONLY___ │ 
2026-05-06 13:28:43,985 INFO     ___FILE_ONLY___ gcloud cli dependencies (Platform Specific)        
2026-05-06 13:28:43,985 INFO     ___FILE_ONLY___  
2026-05-06 13:28:43,985 INFO     ___FILE_ONLY___ │ 
2026-05-06 13:28:43,986 INFO     ___FILE_ONLY___ 2021.04.16
2026-05-06 13:28:43,986 INFO     ___FILE_ONLY___  
2026-05-06 13:28:43,986 INFO     ___FILE_ONLY___ │ 
2026-05-06 13:28:43,986 INFO     ___FILE_ONLY___  < 1 MiB
2026-05-06 13:28:43,986 INFO     ___FILE_ONLY___  
2026-05-06 13:28:43,986 INFO     ___FILE_ONLY___ │
2026-05-06 13:28:43,986 INFO     ___FILE_ONLY___ 

2026-05-06 13:28:43,986 INFO     ___FILE_ONLY___ └─────────────────────────────────────────────────────┴────────────┴──────────┘
2026-05-06 13:28:43,986 INFO     ___FILE_ONLY___ 

2026-05-06 13:28:43,987 INFO     ___FILE_ONLY___ 

2026-05-06 13:28:43,988 DEBUG    root            On GCE from memory cache: False
2026-05-06 13:28:43,990 DEBUG    root            On GCE from memory cache: False
2026-05-06 13:28:43,991 DEBUG    urllib3.connectionpool Starting new HTTPS connection (1): dl.google.com:443
2026-05-06 13:28:44,014 DEBUG    urllib3.connectionpool https://dl.google.com:443 "GET /dl/cloudsdk/channels/rapid/RELEASE_NOTES HTTP/1.1" 200 362633
2026-05-06 13:28:44,578 INFO     ___FILE_ONLY___ For the latest full release notes, please visit:
  https://cloud.google.com/sdk/release_notes


2026-05-06 13:28:44,579 INFO     ___FILE_ONLY___ Performing in place update...


2026-05-06 13:28:44,581 INFO     ___FILE_ONLY___ ╔════════════════════════════════════════════════════════════╗

2026-05-06 13:28:44,581 INFO     ___FILE_ONLY___ ╠═ Downloading: BigQuery Command Line Tool                  ═╣

2026-05-06 13:28:44,581 INFO     ___FILE_ONLY___ ╚
2026-05-06 13:28:44,582 DEBUG    root            On GCE from memory cache: False
2026-05-06 13:28:44,583 DEBUG    root            On GCE from memory cache: False
2026-05-06 13:28:44,584 DEBUG    urllib3.connectionpool Starting new HTTPS connection (1): dl.google.com:443
2026-05-06 13:28:44,653 DEBUG    urllib3.connectionpool https://dl.google.com:443 "GET /dl/cloudsdk/channels/rapid/components/google-cloud-sdk-bq-20260327141905.tar.gz HTTP/1.1" 200 1931708
2026-05-06 13:28:44,669 INFO     ___FILE_ONLY___ ═
2026-05-06 13:28:44,669 INFO     ___FILE_ONLY___ ═
2026-05-06 13:28:44,670 INFO     ___FILE_ONLY___ ═
2026-05-06 13:28:44,670 INFO     ___FILE_ONLY___ ═
2026-05-06 13:28:44,670 INFO     ___FILE_ONLY___ ═
2026-05-06 13:28:44,670 INFO     ___FILE_ONLY___ ═
2026-05-06 13:28:44,670 INFO     ___FILE_ONLY___ ═
2026-05-06 13:28:44,670 INFO     ___FILE_ONLY___ ═
2026-05-06 13:28:44,670 INFO     ___FILE_ONLY___ ═
2026-05-06 13:28:44,671 INFO     ___FILE_ONLY___ ═
2026-05-06 13:28:44,671 INFO     ___FILE_ONLY___ ═
2026-05-06 13:28:44,671 INFO     ___FILE_ONLY___ ═
2026-05-06 13:28:44,671 INFO     ___FILE_ONLY___ ═
2026-05-06 13:28:44,671 INFO     ___FILE_ONLY___ ═
2026-05-06 13:28:44,671 INFO     ___FILE_ONLY___ ═
2026-05-06 13:28:44,671 INFO     ___FILE_ONLY___ ═
2026-05-06 13:28:44,672 INFO     ___FILE_ONLY___ ═
2026-05-06 13:28:44,672 INFO     ___FILE_ONLY___ ═
2026-05-06 13:28:44,672 INFO     ___FILE_ONLY___ ═
2026-05-06 13:28:44,672 INFO     ___FILE_ONLY___ ═
2026-05-06 13:28:44,672 INFO     ___FILE_ONLY___ ═
2026-05-06 13:28:44,672 INFO     ___FILE_ONLY___ ═
2026-05-06 13:28:44,673 INFO     ___FILE_ONLY___ ═
2026-05-06 13:28:44,673 INFO     ___FILE_ONLY___ ═
2026-05-06 13:28:44,673 INFO     ___FILE_ONLY___ ═
2026-05-06 13:28:44,673 INFO     ___FILE_ONLY___ ═
2026-05-06 13:28:44,673 INFO     ___FILE_ONLY___ ═
2026-05-06 13:28:44,673 INFO     ___FILE_ONLY___ ═
2026-05-06 13:28:44,673 INFO     ___FILE_ONLY___ ═
2026-05-06 13:28:44,673 INFO     ___FILE_ONLY___ ═
2026-05-06 13:28:44,674 INFO     ___FILE_ONLY___ ═
2026-05-06 13:28:44,674 INFO     ___FILE_ONLY___ ═
2026-05-06 13:28:44,674 INFO     ___FILE_ONLY___ ═
2026-05-06 13:28:44,674 INFO     ___FILE_ONLY___ ═
2026-05-06 13:28:44,674 INFO     ___FILE_ONLY___ ═
2026-05-06 13:28:44,674 INFO     ___FILE_ONLY___ ═
2026-05-06 13:28:44,674 INFO     ___FILE_ONLY___ ═
2026-05-06 13:28:44,674 INFO     ___FILE_ONLY___ ═
2026-05-06 13:28:44,674 INFO     ___FILE_ONLY___ ═
2026-05-06 13:28:44,674 INFO     ___FILE_ONLY___ ═
2026-05-06 13:28:44,675 INFO     ___FILE_ONLY___ ═
2026-05-06 13:28:44,675 INFO     ___FILE_ONLY___ ═
2026-05-06 13:28:44,675 INFO     ___FILE_ONLY___ ═
2026-05-06 13:28:44,675 INFO     ___FILE_ONLY___ ═
2026-05-06 13:28:44,675 INFO     ___FILE_ONLY___ ═
2026-05-06 13:28:44,675 INFO     ___FILE_ONLY___ ═
2026-05-06 13:28:44,675 INFO     ___FILE_ONLY___ ═
2026-05-06 13:28:44,675 INFO     ___FILE_ONLY___ ═
2026-05-06 13:28:44,676 INFO     ___FILE_ONLY___ ═
2026-05-06 13:28:44,676 INFO     ___FILE_ONLY___ ═
2026-05-06 13:28:44,676 INFO     ___FILE_ONLY___ ═
2026-05-06 13:28:44,676 INFO     ___FILE_ONLY___ ═
2026-05-06 13:28:44,676 INFO     ___FILE_ONLY___ ═
2026-05-06 13:28:44,676 INFO     ___FILE_ONLY___ ═
2026-05-06 13:28:44,677 INFO     ___FILE_ONLY___ ═
2026-05-06 13:28:44,677 INFO     ___FILE_ONLY___ ═
2026-05-06 13:28:44,677 INFO     ___FILE_ONLY___ ═
2026-05-06 13:28:44,677 INFO     ___FILE_ONLY___ ═
2026-05-06 13:28:44,677 INFO     ___FILE_ONLY___ ═
2026-05-06 13:28:44,677 INFO     ___FILE_ONLY___ ═
2026-05-06 13:28:44,678 INFO     ___FILE_ONLY___ ╝

2026-05-06 13:28:44,680 INFO     ___FILE_ONLY___ ╔════════════════════════════════════════════════════════════╗

2026-05-06 13:28:44,680 INFO     ___FILE_ONLY___ ╠═ Downloading: BigQuery Command Line Tool (Platform Spe... ═╣

2026-05-06 13:28:44,680 INFO     ___FILE_ONLY___ ╚
2026-05-06 13:28:44,681 DEBUG    root            On GCE from memory cache: False
2026-05-06 13:28:44,682 DEBUG    root            On GCE from memory cache: False
2026-05-06 13:28:44,683 DEBUG    urllib3.connectionpool Starting new HTTPS connection (1): dl.google.com:443
2026-05-06 13:28:44,751 DEBUG    urllib3.connectionpool https://dl.google.com:443 "GET /dl/cloudsdk/channels/rapid/components/google-cloud-sdk-bq-nix-20260424041539.tar.gz HTTP/1.1" 200 1948
2026-05-06 13:28:44,752 INFO     ___FILE_ONLY___ ════════════════════════════════════════════════════════════
2026-05-06 13:28:44,752 INFO     ___FILE_ONLY___ ╝

2026-05-06 13:28:44,754 INFO     ___FILE_ONLY___ ╔════════════════════════════════════════════════════════════╗

2026-05-06 13:28:44,754 INFO     ___FILE_ONLY___ ╠═ Downloading: Bundled Python 3.13                         ═╣

2026-05-06 13:28:44,754 INFO     ___FILE_ONLY___ ╚
2026-05-06 13:28:44,754 INFO     ___FILE_ONLY___ ════════════════════════════════════════════════════════════
2026-05-06 13:28:44,754 INFO     ___FILE_ONLY___ ╝

2026-05-06 13:28:44,756 INFO     ___FILE_ONLY___ ╔════════════════════════════════════════════════════════════╗

2026-05-06 13:28:44,756 INFO     ___FILE_ONLY___ ╠═ Downloading: Bundled Python 3.13 (Platform Specific)     ═╣

2026-05-06 13:28:44,756 INFO     ___FILE_ONLY___ ╚
2026-05-06 13:28:44,757 DEBUG    root            On GCE from memory cache: False
2026-05-06 13:28:44,758 DEBUG    root            On GCE from memory cache: False
2026-05-06 13:28:44,759 DEBUG    urllib3.connectionpool Starting new HTTPS connection (1): dl.google.com:443
2026-05-06 13:28:44,829 DEBUG    urllib3.connectionpool https://dl.google.com:443 "GET /dl/cloudsdk/channels/rapid/components/google-cloud-sdk-bundled-python3-unix-linux-x86_64-20260501041631.tar.gz HTTP/1.1" 200 25212008
2026-05-06 13:28:44,913 INFO     ___FILE_ONLY___ ═
2026-05-06 13:28:44,914 INFO     ___FILE_ONLY___ ═
2026-05-06 13:28:44,915 INFO     ___FILE_ONLY___ ═
2026-05-06 13:28:44,915 INFO     ___FILE_ONLY___ ═
2026-05-06 13:28:44,916 INFO     ___FILE_ONLY___ ═
2026-05-06 13:28:44,917 INFO     ___FILE_ONLY___ ═
2026-05-06 13:28:44,918 INFO     ___FILE_ONLY___ ═
2026-05-06 13:28:44,918 INFO     ___FILE_ONLY___ ═
2026-05-06 13:28:44,919 INFO     ___FILE_ONLY___ ═
2026-05-06 13:28:44,920 INFO     ___FILE_ONLY___ ═
2026-05-06 13:28:44,920 INFO     ___FILE_ONLY___ ═
2026-05-06 13:28:44,921 INFO     ___FILE_ONLY___ ═
2026-05-06 13:28:44,922 INFO     ___FILE_ONLY___ ═
2026-05-06 13:28:44,922 INFO     ___FILE_ONLY___ ═
2026-05-06 13:28:44,923 INFO     ___FILE_ONLY___ ═
2026-05-06 13:28:44,924 INFO     ___FILE_ONLY___ ═
2026-05-06 13:28:44,924 INFO     ___FILE_ONLY___ ═
2026-05-06 13:28:44,925 INFO     ___FILE_ONLY___ ═
2026-05-06 13:28:44,926 INFO     ___FILE_ONLY___ ═
2026-05-06 13:28:44,926 INFO     ___FILE_ONLY___ ═
2026-05-06 13:28:44,927 INFO     ___FILE_ONLY___ ═
2026-05-06 13:28:44,927 INFO     ___FILE_ONLY___ ═
2026-05-06 13:28:44,928 INFO     ___FILE_ONLY___ ═
2026-05-06 13:28:44,929 INFO     ___FILE_ONLY___ ═
2026-05-06 13:28:44,929 INFO     ___FILE_ONLY___ ═
2026-05-06 13:28:44,930 INFO     ___FILE_ONLY___ ═
2026-05-06 13:28:44,931 INFO     ___FILE_ONLY___ ═
2026-05-06 13:28:44,931 INFO     ___FILE_ONLY___ ═
2026-05-06 13:28:44,932 INFO     ___FILE_ONLY___ ═
2026-05-06 13:28:44,933 INFO     ___FILE_ONLY___ ═
2026-05-06 13:28:44,933 INFO     ___FILE_ONLY___ ═
2026-05-06 13:28:44,934 INFO     ___FILE_ONLY___ ═
2026-05-06 13:28:44,934 INFO     ___FILE_ONLY___ ═
2026-05-06 13:28:44,935 INFO     ___FILE_ONLY___ ═
2026-05-06 13:28:44,936 INFO     ___FILE_ONLY___ ═
2026-05-06 13:28:44,936 INFO     ___FILE_ONLY___ ═
2026-05-06 13:28:44,937 INFO     ___FILE_ONLY___ ═
2026-05-06 13:28:44,938 INFO     ___FILE_ONLY___ ═
2026-05-06 13:28:44,939 INFO     ___FILE_ONLY___ ═
2026-05-06 13:28:44,939 INFO     ___FILE_ONLY___ ═
2026-05-06 13:28:44,940 INFO     ___FILE_ONLY___ ═
2026-05-06 13:28:44,941 INFO     ___FILE_ONLY___ ═
2026-05-06 13:28:44,941 INFO     ___FILE_ONLY___ ═
2026-05-06 13:28:44,942 INFO     ___FILE_ONLY___ ═
2026-05-06 13:28:44,943 INFO     ___FILE_ONLY___ ═
2026-05-06 13:28:44,943 INFO     ___FILE_ONLY___ ═
2026-05-06 13:28:44,944 INFO     ___FILE_ONLY___ ═
2026-05-06 13:28:44,944 INFO     ___FILE_ONLY___ ═
2026-05-06 13:28:44,945 INFO     ___FILE_ONLY___ ═
2026-05-06 13:28:44,946 INFO     ___FILE_ONLY___ ═
2026-05-06 13:28:44,947 INFO     ___FILE_ONLY___ ═
2026-05-06 13:28:44,947 INFO     ___FILE_ONLY___ ═
2026-05-06 13:28:44,948 INFO     ___FILE_ONLY___ ═
2026-05-06 13:28:44,949 INFO     ___FILE_ONLY___ ═
2026-05-06 13:28:44,949 INFO     ___FILE_ONLY___ ═
2026-05-06 13:28:44,950 INFO     ___FILE_ONLY___ ═
2026-05-06 13:28:44,951 INFO     ___FILE_ONLY___ ═
2026-05-06 13:28:44,952 INFO     ___FILE_ONLY___ ═
2026-05-06 13:28:44,952 INFO     ___FILE_ONLY___ ═
2026-05-06 13:28:44,953 INFO     ___FILE_ONLY___ ═
2026-05-06 13:28:44,953 INFO     ___FILE_ONLY___ ╝

2026-05-06 13:28:44,955 INFO     ___FILE_ONLY___ ╔════════════════════════════════════════════════════════════╗

2026-05-06 13:28:44,955 INFO     ___FILE_ONLY___ ╠═ Downloading: Cloud Storage Command Line Tool             ═╣

2026-05-06 13:28:44,955 INFO     ___FILE_ONLY___ ╚
2026-05-06 13:28:44,956 DEBUG    root            On GCE from memory cache: False
2026-05-06 13:28:44,957 DEBUG    root            On GCE from memory cache: False
2026-05-06 13:28:44,958 DEBUG    urllib3.connectionpool Starting new HTTPS connection (1): dl.google.com:443
2026-05-06 13:28:45,026 DEBUG    urllib3.connectionpool https://dl.google.com:443 "GET /dl/cloudsdk/channels/rapid/components/google-cloud-sdk-gsutil-20260501041631.tar.gz HTTP/1.1" 200 12967034
2026-05-06 13:28:45,070 INFO     ___FILE_ONLY___ ═
2026-05-06 13:28:45,071 INFO     ___FILE_ONLY___ ═
2026-05-06 13:28:45,071 INFO     ___FILE_ONLY___ ═
2026-05-06 13:28:45,071 INFO     ___FILE_ONLY___ ═
2026-05-06 13:28:45,072 INFO     ___FILE_ONLY___ ═
2026-05-06 13:28:45,072 INFO     ___FILE_ONLY___ ═
2026-05-06 13:28:45,073 INFO     ___FILE_ONLY___ ═
2026-05-06 13:28:45,073 INFO     ___FILE_ONLY___ ═
2026-05-06 13:28:45,073 INFO     ___FILE_ONLY___ ═
2026-05-06 13:28:45,074 INFO     ___FILE_ONLY___ ═
2026-05-06 13:28:45,074 INFO     ___FILE_ONLY___ ═
2026-05-06 13:28:45,075 INFO     ___FILE_ONLY___ ═
2026-05-06 13:28:45,075 INFO     ___FILE_ONLY___ ═
2026-05-06 13:28:45,076 INFO     ___FILE_ONLY___ ═
2026-05-06 13:28:45,076 INFO     ___FILE_ONLY___ ═
2026-05-06 13:28:45,077 INFO     ___FILE_ONLY___ ═
2026-05-06 13:28:45,077 INFO     ___FILE_ONLY___ ═
2026-05-06 13:28:45,078 INFO     ___FILE_ONLY___ ═
2026-05-06 13:28:45,078 INFO     ___FILE_ONLY___ ═
2026-05-06 13:28:45,078 INFO     ___FILE_ONLY___ ═
2026-05-06 13:28:45,079 INFO     ___FILE_ONLY___ ═
2026-05-06 13:28:45,079 INFO     ___FILE_ONLY___ ═
2026-05-06 13:28:45,079 INFO     ___FILE_ONLY___ ═
2026-05-06 13:28:45,080 INFO     ___FILE_ONLY___ ═
2026-05-06 13:28:45,080 INFO     ___FILE_ONLY___ ═
2026-05-06 13:28:45,080 INFO     ___FILE_ONLY___ ═
2026-05-06 13:28:45,081 INFO     ___FILE_ONLY___ ═
2026-05-06 13:28:45,081 INFO     ___FILE_ONLY___ ═
2026-05-06 13:28:45,081 INFO     ___FILE_ONLY___ ═
2026-05-06 13:28:45,082 INFO     ___FILE_ONLY___ ═
2026-05-06 13:28:45,082 INFO     ___FILE_ONLY___ ═
2026-05-06 13:28:45,082 INFO     ___FILE_ONLY___ ═
2026-05-06 13:28:45,083 INFO     ___FILE_ONLY___ ═
2026-05-06 13:28:45,083 INFO     ___FILE_ONLY___ ═
2026-05-06 13:28:45,083 INFO     ___FILE_ONLY___ ═
2026-05-06 13:28:45,084 INFO     ___FILE_ONLY___ ═
2026-05-06 13:28:45,084 INFO     ___FILE_ONLY___ ═
2026-05-06 13:28:45,084 INFO     ___FILE_ONLY___ ═
2026-05-06 13:28:45,085 INFO     ___FILE_ONLY___ ═
2026-05-06 13:28:45,085 INFO     ___FILE_ONLY___ ═
2026-05-06 13:28:45,085 INFO     ___FILE_ONLY___ ═
2026-05-06 13:28:45,086 INFO     ___FILE_ONLY___ ═
2026-05-06 13:28:45,086 INFO     ___FILE_ONLY___ ═
2026-05-06 13:28:45,086 INFO     ___FILE_ONLY___ ═
2026-05-06 13:28:45,087 INFO     ___FILE_ONLY___ ═
2026-05-06 13:28:45,087 INFO     ___FILE_ONLY___ ═
2026-05-06 13:28:45,087 INFO     ___FILE_ONLY___ ═
2026-05-06 13:28:45,087 INFO     ___FILE_ONLY___ ═
2026-05-06 13:28:45,088 INFO     ___FILE_ONLY___ ═
2026-05-06 13:28:45,088 INFO     ___FILE_ONLY___ ═
2026-05-06 13:28:45,089 INFO     ___FILE_ONLY___ ═
2026-05-06 13:28:45,089 INFO     ___FILE_ONLY___ ═
2026-05-06 13:28:45,089 INFO     ___FILE_ONLY___ ═
2026-05-06 13:28:45,089 INFO     ___FILE_ONLY___ ═
2026-05-06 13:28:45,090 INFO     ___FILE_ONLY___ ═
2026-05-06 13:28:45,090 INFO     ___FILE_ONLY___ ═
2026-05-06 13:28:45,090 INFO     ___FILE_ONLY___ ═
2026-05-06 13:28:45,091 INFO     ___FILE_ONLY___ ═
2026-05-06 13:28:45,091 INFO     ___FILE_ONLY___ ═
2026-05-06 13:28:45,091 INFO     ___FILE_ONLY___ ═
2026-05-06 13:28:45,091 INFO     ___FILE_ONLY___ ╝

2026-05-06 13:28:45,093 INFO     ___FILE_ONLY___ ╔════════════════════════════════════════════════════════════╗

2026-05-06 13:28:45,093 INFO     ___FILE_ONLY___ ╠═ Downloading: Cloud Storage Command Line Tool (Platfor... ═╣

2026-05-06 13:28:45,093 INFO     ___FILE_ONLY___ ╚
2026-05-06 13:28:45,094 DEBUG    root            On GCE from memory cache: False
2026-05-06 13:28:45,095 DEBUG    root            On GCE from memory cache: False
2026-05-06 13:28:45,096 DEBUG    urllib3.connectionpool Starting new HTTPS connection (1): dl.google.com:443
2026-05-06 13:28:45,164 DEBUG    urllib3.connectionpool https://dl.google.com:443 "GET /dl/cloudsdk/channels/rapid/components/google-cloud-sdk-gsutil-nix-20260424041539.tar.gz HTTP/1.1" 200 1963
2026-05-06 13:28:45,165 INFO     ___FILE_ONLY___ ════════════════════════════════════════════════════════════
2026-05-06 13:28:45,165 INFO     ___FILE_ONLY___ ╝

2026-05-06 13:28:45,167 INFO     ___FILE_ONLY___ ╔════════════════════════════════════════════════════════════╗

2026-05-06 13:28:45,167 INFO     ___FILE_ONLY___ ╠═ Downloading: Default set of gcloud commands              ═╣

2026-05-06 13:28:45,167 INFO     ___FILE_ONLY___ ╚
2026-05-06 13:28:45,167 INFO     ___FILE_ONLY___ ════════════════════════════════════════════════════════════
2026-05-06 13:28:45,167 INFO     ___FILE_ONLY___ ╝

2026-05-06 13:28:45,169 INFO     ___FILE_ONLY___ ╔════════════════════════════════════════════════════════════╗

2026-05-06 13:28:45,169 INFO     ___FILE_ONLY___ ╠═ Downloading: Google Cloud CLI Core Libraries (Platfor... ═╣

2026-05-06 13:28:45,169 INFO     ___FILE_ONLY___ ╚
2026-05-06 13:28:45,171 DEBUG    root            On GCE from memory cache: False
2026-05-06 13:28:45,172 DEBUG    root            On GCE from memory cache: False
2026-05-06 13:28:45,173 DEBUG    urllib3.connectionpool Starting new HTTPS connection (1): dl.google.com:443
2026-05-06 13:28:45,239 DEBUG    urllib3.connectionpool https://dl.google.com:443 "GET /dl/cloudsdk/channels/rapid/components/google-cloud-sdk-core-nix-20260424041539.tar.gz HTTP/1.1" 200 2342
2026-05-06 13:28:45,240 INFO     ___FILE_ONLY___ ════════════════════════════════════════════════════════════
2026-05-06 13:28:45,240 INFO     ___FILE_ONLY___ ╝

2026-05-06 13:28:45,242 INFO     ___FILE_ONLY___ ╔════════════════════════════════════════════════════════════╗

2026-05-06 13:28:45,242 INFO     ___FILE_ONLY___ ╠═ Downloading: Google Cloud CRC32C Hash Tool               ═╣

2026-05-06 13:28:45,242 INFO     ___FILE_ONLY___ ╚
2026-05-06 13:28:45,242 INFO     ___FILE_ONLY___ ════════════════════════════════════════════════════════════
2026-05-06 13:28:45,242 INFO     ___FILE_ONLY___ ╝

2026-05-06 13:28:45,244 INFO     ___FILE_ONLY___ ╔════════════════════════════════════════════════════════════╗

2026-05-06 13:28:45,244 INFO     ___FILE_ONLY___ ╠═ Downloading: Google Cloud CRC32C Hash Tool (Platform ... ═╣

2026-05-06 13:28:45,244 INFO     ___FILE_ONLY___ ╚
2026-05-06 13:28:45,245 DEBUG    root            On GCE from memory cache: False
2026-05-06 13:28:45,246 DEBUG    root            On GCE from memory cache: False
2026-05-06 13:28:45,247 DEBUG    urllib3.connectionpool Starting new HTTPS connection (1): dl.google.com:443
2026-05-06 13:28:45,314 DEBUG    urllib3.connectionpool https://dl.google.com:443 "GET /dl/cloudsdk/channels/rapid/components/google-cloud-sdk-gcloud-crc32c-linux-x86_64-20260424041539.tar.gz HTTP/1.1" 200 1609375
2026-05-06 13:28:45,323 INFO     ___FILE_ONLY___ ═
2026-05-06 13:28:45,323 INFO     ___FILE_ONLY___ ═
2026-05-06 13:28:45,323 INFO     ___FILE_ONLY___ ═
2026-05-06 13:28:45,324 INFO     ___FILE_ONLY___ ═
2026-05-06 13:28:45,324 INFO     ___FILE_ONLY___ ═
2026-05-06 13:28:45,324 INFO     ___FILE_ONLY___ ═
2026-05-06 13:28:45,324 INFO     ___FILE_ONLY___ ═
2026-05-06 13:28:45,324 INFO     ___FILE_ONLY___ ═
2026-05-06 13:28:45,324 INFO     ___FILE_ONLY___ ═
2026-05-06 13:28:45,324 INFO     ___FILE_ONLY___ ═
2026-05-06 13:28:45,324 INFO     ___FILE_ONLY___ ═
2026-05-06 13:28:45,325 INFO     ___FILE_ONLY___ ═
2026-05-06 13:28:45,325 INFO     ___FILE_ONLY___ ═
2026-05-06 13:28:45,325 INFO     ___FILE_ONLY___ ═
2026-05-06 13:28:45,325 INFO     ___FILE_ONLY___ ═
2026-05-06 13:28:45,325 INFO     ___FILE_ONLY___ ═
2026-05-06 13:28:45,325 INFO     ___FILE_ONLY___ ═
2026-05-06 13:28:45,326 INFO     ___FILE_ONLY___ ═
2026-05-06 13:28:45,326 INFO     ___FILE_ONLY___ ═
2026-05-06 13:28:45,326 INFO     ___FILE_ONLY___ ═
2026-05-06 13:28:45,326 INFO     ___FILE_ONLY___ ═
2026-05-06 13:28:45,326 INFO     ___FILE_ONLY___ ═
2026-05-06 13:28:45,326 INFO     ___FILE_ONLY___ ═
2026-05-06 13:28:45,327 INFO     ___FILE_ONLY___ ═
2026-05-06 13:28:45,327 INFO     ___FILE_ONLY___ ═
2026-05-06 13:28:45,327 INFO     ___FILE_ONLY___ ═
2026-05-06 13:28:45,327 INFO     ___FILE_ONLY___ ═
2026-05-06 13:28:45,327 INFO     ___FILE_ONLY___ ═
2026-05-06 13:28:45,327 INFO     ___FILE_ONLY___ ═
2026-05-06 13:28:45,327 INFO     ___FILE_ONLY___ ═
2026-05-06 13:28:45,327 INFO     ___FILE_ONLY___ ═
2026-05-06 13:28:45,327 INFO     ___FILE_ONLY___ ═
2026-05-06 13:28:45,328 INFO     ___FILE_ONLY___ ═
2026-05-06 13:28:45,328 INFO     ___FILE_ONLY___ ═
2026-05-06 13:28:45,328 INFO     ___FILE_ONLY___ ═
2026-05-06 13:28:45,328 INFO     ___FILE_ONLY___ ═
2026-05-06 13:28:45,328 INFO     ___FILE_ONLY___ ═
2026-05-06 13:28:45,328 INFO     ___FILE_ONLY___ ═
2026-05-06 13:28:45,328 INFO     ___FILE_ONLY___ ═
2026-05-06 13:28:45,328 INFO     ___FILE_ONLY___ ═
2026-05-06 13:28:45,328 INFO     ___FILE_ONLY___ ═
2026-05-06 13:28:45,328 INFO     ___FILE_ONLY___ ═
2026-05-06 13:28:45,328 INFO     ___FILE_ONLY___ ═
2026-05-06 13:28:45,329 INFO     ___FILE_ONLY___ ═
2026-05-06 13:28:45,329 INFO     ___FILE_ONLY___ ═
2026-05-06 13:28:45,329 INFO     ___FILE_ONLY___ ═
2026-05-06 13:28:45,329 INFO     ___FILE_ONLY___ ═
2026-05-06 13:28:45,329 INFO     ___FILE_ONLY___ ═
2026-05-06 13:28:45,329 INFO     ___FILE_ONLY___ ═
2026-05-06 13:28:45,329 INFO     ___FILE_ONLY___ ═
2026-05-06 13:28:45,329 INFO     ___FILE_ONLY___ ═
2026-05-06 13:28:45,329 INFO     ___FILE_ONLY___ ═
2026-05-06 13:28:45,330 INFO     ___FILE_ONLY___ ═
2026-05-06 13:28:45,330 INFO     ___FILE_ONLY___ ═
2026-05-06 13:28:45,330 INFO     ___FILE_ONLY___ ═
2026-05-06 13:28:45,330 INFO     ___FILE_ONLY___ ═
2026-05-06 13:28:45,330 INFO     ___FILE_ONLY___ ═
2026-05-06 13:28:45,330 INFO     ___FILE_ONLY___ ═
2026-05-06 13:28:45,330 INFO     ___FILE_ONLY___ ═
2026-05-06 13:28:45,331 INFO     ___FILE_ONLY___ ═
2026-05-06 13:28:45,331 INFO     ___FILE_ONLY___ ╝

2026-05-06 13:28:45,333 INFO     ___FILE_ONLY___ ╔════════════════════════════════════════════════════════════╗

2026-05-06 13:28:45,333 INFO     ___FILE_ONLY___ ╠═ Downloading: gcloud cli dependencies (Platform Specific) ═╣

2026-05-06 13:28:45,333 INFO     ___FILE_ONLY___ ╚
2026-05-06 13:28:45,334 DEBUG    root            On GCE from memory cache: False
2026-05-06 13:28:45,335 DEBUG    root            On GCE from memory cache: False
2026-05-06 13:28:45,336 DEBUG    urllib3.connectionpool Starting new HTTPS connection (1): dl.google.com:443
2026-05-06 13:28:45,401 DEBUG    urllib3.connectionpool https://dl.google.com:443 "GET /dl/cloudsdk/channels/rapid/components/google-cloud-sdk-gcloud-deps-linux-x86_64-20210416153011.tar.gz HTTP/1.1" 200 104
2026-05-06 13:28:45,402 INFO     ___FILE_ONLY___ ════════════════════════════════════════════════════════════
2026-05-06 13:28:45,402 INFO     ___FILE_ONLY___ ╝

2026-05-06 13:28:45,404 INFO     ___FILE_ONLY___ ╔════════════════════════════════════════════════════════════╗

2026-05-06 13:28:45,404 INFO     ___FILE_ONLY___ ╠═ Installing: BigQuery Command Line Tool                   ═╣

2026-05-06 13:28:45,404 INFO     ___FILE_ONLY___ ╚
2026-05-06 13:28:45,507 INFO     ___FILE_ONLY___ ═
2026-05-06 13:28:45,511 INFO     ___FILE_ONLY___ ═
2026-05-06 13:28:45,515 INFO     ___FILE_ONLY___ ═
2026-05-06 13:28:45,518 INFO     ___FILE_ONLY___ ═
2026-05-06 13:28:45,521 INFO     ___FILE_ONLY___ ═
2026-05-06 13:28:45,525 INFO     ___FILE_ONLY___ ═
2026-05-06 13:28:45,527 INFO     ___FILE_ONLY___ ═
2026-05-06 13:28:45,530 INFO     ___FILE_ONLY___ ═
2026-05-06 13:28:45,533 INFO     ___FILE_ONLY___ ═
2026-05-06 13:28:45,536 INFO     ___FILE_ONLY___ ═
2026-05-06 13:28:45,539 INFO     ___FILE_ONLY___ ═
2026-05-06 13:28:45,541 INFO     ___FILE_ONLY___ ═
2026-05-06 13:28:45,544 INFO     ___FILE_ONLY___ ═
2026-05-06 13:28:45,547 INFO     ___FILE_ONLY___ ═
2026-05-06 13:28:45,551 INFO     ___FILE_ONLY___ ═
2026-05-06 13:28:45,553 INFO     ___FILE_ONLY___ ═
2026-05-06 13:28:45,556 INFO     ___FILE_ONLY___ ═
2026-05-06 13:28:45,560 INFO     ___FILE_ONLY___ ═
2026-05-06 13:28:45,563 INFO     ___FILE_ONLY___ ═
2026-05-06 13:28:45,566 INFO     ___FILE_ONLY___ ═
2026-05-06 13:28:45,568 INFO     ___FILE_ONLY___ ═
2026-05-06 13:28:45,570 INFO     ___FILE_ONLY___ ═
2026-05-06 13:28:45,573 INFO     ___FILE_ONLY___ ═
2026-05-06 13:28:45,576 INFO     ___FILE_ONLY___ ═
2026-05-06 13:28:45,578 INFO     ___FILE_ONLY___ ═
2026-05-06 13:28:45,580 INFO     ___FILE_ONLY___ ═
2026-05-06 13:28:45,582 INFO     ___FILE_ONLY___ ═
2026-05-06 13:28:45,584 INFO     ___FILE_ONLY___ ═
2026-05-06 13:28:45,586 INFO     ___FILE_ONLY___ ═
2026-05-06 13:28:45,588 INFO     ___FILE_ONLY___ ═
2026-05-06 13:28:45,590 INFO     ___FILE_ONLY___ ═
2026-05-06 13:28:45,592 INFO     ___FILE_ONLY___ ═
2026-05-06 13:28:45,594 INFO     ___FILE_ONLY___ ═
2026-05-06 13:28:45,598 INFO     ___FILE_ONLY___ ═
2026-05-06 13:28:45,600 INFO     ___FILE_ONLY___ ═
2026-05-06 13:28:45,602 INFO     ___FILE_ONLY___ ═
2026-05-06 13:28:45,605 INFO     ___FILE_ONLY___ ═
2026-05-06 13:28:45,608 INFO     ___FILE_ONLY___ ═
2026-05-06 13:28:45,616 INFO     ___FILE_ONLY___ ═
2026-05-06 13:28:45,625 INFO     ___FILE_ONLY___ ═
2026-05-06 13:28:45,627 INFO     ___FILE_ONLY___ ═
2026-05-06 13:28:45,630 INFO     ___FILE_ONLY___ ═
2026-05-06 13:28:45,633 INFO     ___FILE_ONLY___ ═
2026-05-06 13:28:45,635 INFO     ___FILE_ONLY___ ═
2026-05-06 13:28:45,638 INFO     ___FILE_ONLY___ ═
2026-05-06 13:28:45,643 INFO     ___FILE_ONLY___ ═
2026-05-06 13:28:45,646 INFO     ___FILE_ONLY___ ═
2026-05-06 13:28:45,648 INFO     ___FILE_ONLY___ ═
2026-05-06 13:28:45,651 INFO     ___FILE_ONLY___ ═
2026-05-06 13:28:45,653 INFO     ___FILE_ONLY___ ═
2026-05-06 13:28:45,655 INFO     ___FILE_ONLY___ ═
2026-05-06 13:28:45,658 INFO     ___FILE_ONLY___ ═
2026-05-06 13:28:45,661 INFO     ___FILE_ONLY___ ═
2026-05-06 13:28:45,663 INFO     ___FILE_ONLY___ ═
2026-05-06 13:28:45,666 INFO     ___FILE_ONLY___ ═
2026-05-06 13:28:45,668 INFO     ___FILE_ONLY___ ═
2026-05-06 13:28:45,670 INFO     ___FILE_ONLY___ ═
2026-05-06 13:28:45,673 INFO     ___FILE_ONLY___ ═
2026-05-06 13:28:45,675 INFO     ___FILE_ONLY___ ═
2026-05-06 13:28:45,677 INFO     ___FILE_ONLY___ ═
2026-05-06 13:28:45,677 INFO     ___FILE_ONLY___ ╝

2026-05-06 13:28:45,685 INFO     ___FILE_ONLY___ ╔════════════════════════════════════════════════════════════╗

2026-05-06 13:28:45,685 INFO     ___FILE_ONLY___ ╠═ Installing: BigQuery Command Line Tool (Platform Spec... ═╣

2026-05-06 13:28:45,685 INFO     ___FILE_ONLY___ ╚
2026-05-06 13:28:45,686 INFO     ___FILE_ONLY___ ════════════════════════════════════════════════════════════
2026-05-06 13:28:45,686 INFO     ___FILE_ONLY___ ╝

2026-05-06 13:28:45,692 INFO     ___FILE_ONLY___ ╔════════════════════════════════════════════════════════════╗

2026-05-06 13:28:45,692 INFO     ___FILE_ONLY___ ╠═ Installing: Bundled Python 3.13                          ═╣

2026-05-06 13:28:45,692 INFO     ___FILE_ONLY___ ╚
2026-05-06 13:28:45,694 INFO     ___FILE_ONLY___ ════════════════════════════════════════════════════════════
2026-05-06 13:28:45,695 INFO     ___FILE_ONLY___ ╝

2026-05-06 13:28:45,696 INFO     ___FILE_ONLY___ ╔════════════════════════════════════════════════════════════╗

2026-05-06 13:28:45,696 INFO     ___FILE_ONLY___ ╠═ Installing: Bundled Python 3.13 (Platform Specific)      ═╣

2026-05-06 13:28:45,697 INFO     ___FILE_ONLY___ ╚
2026-05-06 13:28:46,603 INFO     ___FILE_ONLY___ ═
2026-05-06 13:28:46,619 INFO     ___FILE_ONLY___ ═
2026-05-06 13:28:46,635 INFO     ___FILE_ONLY___ ═
2026-05-06 13:28:46,802 INFO     ___FILE_ONLY___ ═
2026-05-06 13:28:46,831 INFO     ___FILE_ONLY___ ═
2026-05-06 13:28:46,859 INFO     ___FILE_ONLY___ ═
2026-05-06 13:28:46,878 INFO     ___FILE_ONLY___ ═
2026-05-06 13:28:46,909 INFO     ___FILE_ONLY___ ═
2026-05-06 13:28:46,991 INFO     ___FILE_ONLY___ ═
2026-05-06 13:28:47,010 INFO     ___FILE_ONLY___ ═
2026-05-06 13:28:47,030 INFO     ___FILE_ONLY___ ═
2026-05-06 13:28:47,057 INFO     ___FILE_ONLY___ ═
2026-05-06 13:28:47,080 INFO     ___FILE_ONLY___ ═
2026-05-06 13:28:47,099 INFO     ___FILE_ONLY___ ═
2026-05-06 13:28:47,115 INFO     ___FILE_ONLY___ ═
2026-05-06 13:28:47,134 INFO     ___FILE_ONLY___ ═
2026-05-06 13:28:47,150 INFO     ___FILE_ONLY___ ═
2026-05-06 13:28:47,170 INFO     ___FILE_ONLY___ ═
2026-05-06 13:28:47,189 INFO     ___FILE_ONLY___ ═
2026-05-06 13:28:47,208 INFO     ___FILE_ONLY___ ═
2026-05-06 13:28:47,226 INFO     ___FILE_ONLY___ ═
2026-05-06 13:28:47,247 INFO     ___FILE_ONLY___ ═
2026-05-06 13:28:47,268 INFO     ___FILE_ONLY___ ═
2026-05-06 13:28:47,283 INFO     ___FILE_ONLY___ ═
2026-05-06 13:28:47,305 INFO     ___FILE_ONLY___ ═
2026-05-06 13:28:47,460 INFO     ___FILE_ONLY___ ═
2026-05-06 13:28:47,484 INFO     ___FILE_ONLY___ ═
2026-05-06 13:28:47,510 INFO     ___FILE_ONLY___ ═
2026-05-06 13:28:47,528 INFO     ___FILE_ONLY___ ═
2026-05-06 13:28:47,541 INFO     ___FILE_ONLY___ ═
2026-05-06 13:28:47,554 INFO     ___FILE_ONLY___ ═
2026-05-06 13:28:47,566 INFO     ___FILE_ONLY___ ═
2026-05-06 13:28:47,577 INFO     ___FILE_ONLY___ ═
2026-05-06 13:28:47,590 INFO     ___FILE_ONLY___ ═
2026-05-06 13:28:47,602 INFO     ___FILE_ONLY___ ═
2026-05-06 13:28:47,615 INFO     ___FILE_ONLY___ ═
2026-05-06 13:28:47,627 INFO     ___FILE_ONLY___ ═
2026-05-06 13:28:47,639 INFO     ___FILE_ONLY___ ═
2026-05-06 13:28:47,651 INFO     ___FILE_ONLY___ ═
2026-05-06 13:28:47,664 INFO     ___FILE_ONLY___ ═
2026-05-06 13:28:47,678 INFO     ___FILE_ONLY___ ═
2026-05-06 13:28:47,690 INFO     ___FILE_ONLY___ ═
2026-05-06 13:28:47,703 INFO     ___FILE_ONLY___ ═
2026-05-06 13:28:47,715 INFO     ___FILE_ONLY___ ═
2026-05-06 13:28:47,727 INFO     ___FILE_ONLY___ ═
2026-05-06 13:28:47,739 INFO     ___FILE_ONLY___ ═
2026-05-06 13:28:47,751 INFO     ___FILE_ONLY___ ═
2026-05-06 13:28:47,764 INFO     ___FILE_ONLY___ ═
2026-05-06 13:28:47,776 INFO     ___FILE_ONLY___ ═
2026-05-06 13:28:47,788 INFO     ___FILE_ONLY___ ═
2026-05-06 13:28:47,801 INFO     ___FILE_ONLY___ ═
2026-05-06 13:28:47,813 INFO     ___FILE_ONLY___ ═
2026-05-06 13:28:47,826 INFO     ___FILE_ONLY___ ═
2026-05-06 13:28:47,838 INFO     ___FILE_ONLY___ ═
2026-05-06 13:28:47,851 INFO     ___FILE_ONLY___ ═
2026-05-06 13:28:47,864 INFO     ___FILE_ONLY___ ═
2026-05-06 13:28:47,877 INFO     ___FILE_ONLY___ ═
2026-05-06 13:28:47,889 INFO     ___FILE_ONLY___ ═
2026-05-06 13:28:47,902 INFO     ___FILE_ONLY___ ═
2026-05-06 13:28:47,915 INFO     ___FILE_ONLY___ ═
2026-05-06 13:28:47,915 INFO     ___FILE_ONLY___ ╝

2026-05-06 13:28:47,960 INFO     ___FILE_ONLY___ ╔════════════════════════════════════════════════════════════╗

2026-05-06 13:28:47,960 INFO     ___FILE_ONLY___ ╠═ Installing: Cloud Storage Command Line Tool              ═╣

2026-05-06 13:28:47,960 INFO     ___FILE_ONLY___ ╚
2026-05-06 13:28:48,543 INFO     ___FILE_ONLY___ ═
2026-05-06 13:28:48,554 INFO     ___FILE_ONLY___ ═
2026-05-06 13:28:48,566 INFO     ___FILE_ONLY___ ═
2026-05-06 13:28:48,576 INFO     ___FILE_ONLY___ ═
2026-05-06 13:28:48,586 INFO     ___FILE_ONLY___ ═
2026-05-06 13:28:48,621 INFO     ___FILE_ONLY___ ═
2026-05-06 13:28:48,634 INFO     ___FILE_ONLY___ ═
2026-05-06 13:28:48,650 INFO     ___FILE_ONLY___ ═
2026-05-06 13:28:48,665 INFO     ___FILE_ONLY___ ═
2026-05-06 13:28:48,681 INFO     ___FILE_ONLY___ ═
2026-05-06 13:28:48,698 INFO     ___FILE_ONLY___ ═
2026-05-06 13:28:48,710 INFO     ___FILE_ONLY___ ═
2026-05-06 13:28:48,722 INFO     ___FILE_ONLY___ ═
2026-05-06 13:28:48,731 INFO     ___FILE_ONLY___ ═
2026-05-06 13:28:48,741 INFO     ___FILE_ONLY___ ═
2026-05-06 13:28:48,761 INFO     ___FILE_ONLY___ ═
2026-05-06 13:28:48,775 INFO     ___FILE_ONLY___ ═
2026-05-06 13:28:48,785 INFO     ___FILE_ONLY___ ═
2026-05-06 13:28:48,798 INFO     ___FILE_ONLY___ ═
2026-05-06 13:28:48,809 INFO     ___FILE_ONLY___ ═
2026-05-06 13:28:48,819 INFO     ___FILE_ONLY___ ═
2026-05-06 13:28:48,832 INFO     ___FILE_ONLY___ ═
2026-05-06 13:28:48,843 INFO     ___FILE_ONLY___ ═
2026-05-06 13:28:48,854 INFO     ___FILE_ONLY___ ═
2026-05-06 13:28:48,865 INFO     ___FILE_ONLY___ ═
2026-05-06 13:28:48,876 INFO     ___FILE_ONLY___ ═
2026-05-06 13:28:48,887 INFO     ___FILE_ONLY___ ═
2026-05-06 13:28:48,901 INFO     ___FILE_ONLY___ ═
2026-05-06 13:28:48,917 INFO     ___FILE_ONLY___ ═
2026-05-06 13:28:48,929 INFO     ___FILE_ONLY___ ═
2026-05-06 13:28:48,943 INFO     ___FILE_ONLY___ ═
2026-05-06 13:28:48,963 INFO     ___FILE_ONLY___ ═
2026-05-06 13:28:48,980 INFO     ___FILE_ONLY___ ═
2026-05-06 13:28:48,999 INFO     ___FILE_ONLY___ ═
2026-05-06 13:28:49,015 INFO     ___FILE_ONLY___ ═
2026-05-06 13:28:49,031 INFO     ___FILE_ONLY___ ═
2026-05-06 13:28:49,041 INFO     ___FILE_ONLY___ ═
2026-05-06 13:28:49,053 INFO     ___FILE_ONLY___ ═
2026-05-06 13:28:49,089 INFO     ___FILE_ONLY___ ═
2026-05-06 13:28:49,104 INFO     ___FILE_ONLY___ ═
2026-05-06 13:28:49,115 INFO     ___FILE_ONLY___ ═
2026-05-06 13:28:49,126 INFO     ___FILE_ONLY___ ═
2026-05-06 13:28:49,137 INFO     ___FILE_ONLY___ ═
2026-05-06 13:28:49,148 INFO     ___FILE_ONLY___ ═
2026-05-06 13:28:49,159 INFO     ___FILE_ONLY___ ═
2026-05-06 13:28:49,170 INFO     ___FILE_ONLY___ ═
2026-05-06 13:28:49,180 INFO     ___FILE_ONLY___ ═
2026-05-06 13:28:49,190 INFO     ___FILE_ONLY___ ═
2026-05-06 13:28:49,201 INFO     ___FILE_ONLY___ ═
2026-05-06 13:28:49,213 INFO     ___FILE_ONLY___ ═
2026-05-06 13:28:49,228 INFO     ___FILE_ONLY___ ═
2026-05-06 13:28:49,241 INFO     ___FILE_ONLY___ ═
2026-05-06 13:28:49,255 INFO     ___FILE_ONLY___ ═
2026-05-06 13:28:49,269 INFO     ___FILE_ONLY___ ═
2026-05-06 13:28:49,282 INFO     ___FILE_ONLY___ ═
2026-05-06 13:28:49,298 INFO     ___FILE_ONLY___ ═
2026-05-06 13:28:49,314 INFO     ___FILE_ONLY___ ═
2026-05-06 13:28:49,335 INFO     ___FILE_ONLY___ ═
2026-05-06 13:28:49,352 INFO     ___FILE_ONLY___ ═
2026-05-06 13:28:49,370 INFO     ___FILE_ONLY___ ═
2026-05-06 13:28:49,370 INFO     ___FILE_ONLY___ ╝

2026-05-06 13:28:49,402 INFO     ___FILE_ONLY___ ╔════════════════════════════════════════════════════════════╗

2026-05-06 13:28:49,402 INFO     ___FILE_ONLY___ ╠═ Installing: Cloud Storage Command Line Tool (Platform... ═╣

2026-05-06 13:28:49,402 INFO     ___FILE_ONLY___ ╚
2026-05-06 13:28:49,403 INFO     ___FILE_ONLY___ ════════════════════════════════════════════════════════════
2026-05-06 13:28:49,403 INFO     ___FILE_ONLY___ ╝

2026-05-06 13:28:49,407 INFO     ___FILE_ONLY___ ╔════════════════════════════════════════════════════════════╗

2026-05-06 13:28:49,408 INFO     ___FILE_ONLY___ ╠═ Installing: Default set of gcloud commands               ═╣

2026-05-06 13:28:49,408 INFO     ___FILE_ONLY___ ╚
2026-05-06 13:28:49,410 INFO     ___FILE_ONLY___ ════════════════════════════════════════════════════════════
2026-05-06 13:28:49,410 INFO     ___FILE_ONLY___ ╝

2026-05-06 13:28:49,412 INFO     ___FILE_ONLY___ ╔════════════════════════════════════════════════════════════╗

2026-05-06 13:28:49,412 INFO     ___FILE_ONLY___ ╠═ Installing: Google Cloud CLI Core Libraries (Platform... ═╣

2026-05-06 13:28:49,412 INFO     ___FILE_ONLY___ ╚
2026-05-06 13:28:49,413 INFO     ___FILE_ONLY___ ══════════════════════════════
2026-05-06 13:28:49,413 INFO     ___FILE_ONLY___ ══════════════════════════════
2026-05-06 13:28:49,414 INFO     ___FILE_ONLY___ ╝

2026-05-06 13:28:49,418 INFO     ___FILE_ONLY___ ╔════════════════════════════════════════════════════════════╗

2026-05-06 13:28:49,418 INFO     ___FILE_ONLY___ ╠═ Installing: Google Cloud CRC32C Hash Tool                ═╣

2026-05-06 13:28:49,418 INFO     ___FILE_ONLY___ ╚
2026-05-06 13:28:49,420 INFO     ___FILE_ONLY___ ════════════════════════════════════════════════════════════
2026-05-06 13:28:49,420 INFO     ___FILE_ONLY___ ╝

2026-05-06 13:28:49,422 INFO     ___FILE_ONLY___ ╔════════════════════════════════════════════════════════════╗

2026-05-06 13:28:49,422 INFO     ___FILE_ONLY___ ╠═ Installing: Google Cloud CRC32C Hash Tool (Platform S... ═╣

2026-05-06 13:28:49,422 INFO     ___FILE_ONLY___ ╚
2026-05-06 13:28:49,459 INFO     ___FILE_ONLY___ ══════════════════════════════
2026-05-06 13:28:49,460 INFO     ___FILE_ONLY___ ══════════════════════════════
2026-05-06 13:28:49,460 INFO     ___FILE_ONLY___ ╝

2026-05-06 13:28:49,465 INFO     ___FILE_ONLY___ ╔════════════════════════════════════════════════════════════╗

2026-05-06 13:28:49,465 INFO     ___FILE_ONLY___ ╠═ Installing: gcloud cli dependencies (Platform Specific)  ═╣

2026-05-06 13:28:49,465 INFO     ___FILE_ONLY___ ╚
2026-05-06 13:28:49,465 INFO     ___FILE_ONLY___ ════════════════════════════════════════════════════════════
2026-05-06 13:28:49,465 INFO     ___FILE_ONLY___ ╝

2026-05-06 13:28:49,470 DEBUG    root            Updating notification cache...
2026-05-06 13:28:49,471 INFO     ___FILE_ONLY___ 

2026-05-06 13:28:49,472 INFO     ___FILE_ONLY___ Performing post processing steps...
2026-05-06 13:28:49,473 DEBUG    root            Executing command: ['/tools/google-cloud-sdk/bin/gcloud', 'components', 'post-process']
2026-05-06 13:29:00,656 DEBUG    ___FILE_ONLY___ 
2026-05-06 13:29:00,656 DEBUG    ___FILE_ONLY___ 
2026-05-06 13:29:00,759 INFO     root            descriptor_list: [{'universeDomain': 'googleapis.com', 'universeShortName': '', 'authenticationDomain': 'auth.cloud.google.com', 'projectPrefix': '', 'cloudWebDomain': 'cloud.google.com', 'documentationDomain': 'cloud.google.com', 'version': '1.0.0', 'state': 'primary', 'artifactRegistryDomain': 'pkg.dev'}]
2026-05-06 13:29:00,760 INFO     ___FILE_ONLY___ 
Update done!


2026-05-06 13:29:00,763 DEBUG    root            Chosen display Format:none
2026-05-06 13:29:00,763 INFO     root            Display format: "none"
